<?xml version="1.0" encoding="UTF-8"?>
<testsuite name="StringCalculatorTest" tests="4" skipped="0" failures="0" errors="0" timestamp="2022-04-17T23:35:07" hostname="Aeshvaryas-MacBook-Air.local" time="0.079">
  <properties/>
  <testcase name="oneNumberTest()" classname="StringCalculatorTest" time="0.068"/>
  <testcase name="emptyStringTest()" classname="StringCalculatorTest" time="0.003"/>
  <testcase name="threeNumbersTest()" classname="StringCalculatorTest" time="0.001"/>
  <testcase name="twoNumbersTest()" classname="StringCalculatorTest" time="0.0"/>
  <system-out><![CDATA[]]></system-out>
  <system-err><![CDATA[]]></system-err>
</testsuite>
