<?xml version="1.0" encoding="UTF-8"?>
<testsuite name="StringCalculatorTest" tests="1" skipped="0" failures="0" errors="0" timestamp="2022-04-17T23:20:00" hostname="Aeshvaryas-MacBook-Air.local" time="0.072">
  <properties/>
  <testcase name="emptyStringTest()" classname="StringCalculatorTest" time="0.072"/>
  <system-out><![CDATA[]]></system-out>
  <system-err><![CDATA[]]></system-err>
</testsuite>
