<?xml version="1.0" encoding="UTF-8"?>
<testsuite name="StringCalculatorTest" tests="7" skipped="0" failures="0" errors="0" timestamp="2022-04-17T23:54:12" hostname="Aeshvaryas-MacBook-Air.local" time="0.131">
  <properties/>
  <testcase name="newLineTest()" classname="StringCalculatorTest" time="0.076"/>
  <testcase name="oneNumberTest()" classname="StringCalculatorTest" time="0.001"/>
  <testcase name="negativeNumbertest()" classname="StringCalculatorTest" time="0.029"/>
  <testcase name="emptyStringTest()" classname="StringCalculatorTest" time="0.001"/>
  <testcase name="threeNumbersTest()" classname="StringCalculatorTest" time="0.002"/>
  <testcase name="twoNumbersTest()" classname="StringCalculatorTest" time="0.002"/>
  <testcase name="otherDelimiterTest()" classname="StringCalculatorTest" time="0.002"/>
  <system-out><![CDATA[]]></system-out>
  <system-err><![CDATA[]]></system-err>
</testsuite>
