<?xml version="1.0" encoding="UTF-8"?>
<testsuite name="StringCalculatorTest" tests="6" skipped="0" failures="0" errors="0" timestamp="2022-04-17T23:47:11" hostname="Aeshvaryas-MacBook-Air.local" time="0.015">
  <properties/>
  <testcase name="newLineTest()" classname="StringCalculatorTest" time="0.013"/>
  <testcase name="oneNumberTest()" classname="StringCalculatorTest" time="0.0"/>
  <testcase name="emptyStringTest()" classname="StringCalculatorTest" time="0.0"/>
  <testcase name="threeNumbersTest()" classname="StringCalculatorTest" time="0.0"/>
  <testcase name="twoNumbersTest()" classname="StringCalculatorTest" time="0.0"/>
  <testcase name="otherDelimiterTest()" classname="StringCalculatorTest" time="0.0"/>
  <system-out><![CDATA[]]></system-out>
  <system-err><![CDATA[]]></system-err>
</testsuite>
